<?xml version="1.0" encoding="UTF-8"?>
<!-- Generated by org.testng.reporters.JUnitReportReporter -->
<testsuite skipped="0" hostname="Apparnaas-MacBook-Pro.local" name="testcases.Login" tests="1" failures="0" timestamp="30 Dec 2018 05:00:28 GMT" time="3.649" errors="0">
  <testcase name="login" time="3.649" classname="testcases.Login"/>
</testsuite> <!-- testcases.Login -->
