<?xml version="1.0" encoding="UTF-8"?>
<!-- Generated by org.testng.reporters.JUnitReportReporter -->
<testsuite skipped="0" hostname="Apparnaas-MacBook-Pro.local" name="testcases.MergeLead" tests="1" failures="0" timestamp="16 Jan 2019 15:59:22 GMT" time="46.901" errors="0">
  <testcase name="MergeLeadTest" time="46.901" classname="testcases.MergeLead"/>
</testsuite> <!-- testcases.MergeLead -->
