<?xml version="1.0" encoding="UTF-8"?>
<!-- Generated by org.testng.reporters.JUnitReportReporter -->
<testsuite skipped="0" hostname="Apparnaas-MacBook-Pro.local" name="testcases.Facebook" tests="1" failures="0" timestamp="08 Jan 2019 06:16:30 GMT" time="25.023" errors="0">
  <testcase name="facebookTest" time="25.023" classname="testcases.Facebook"/>
</testsuite> <!-- testcases.Facebook -->
