<?xml version="1.0" encoding="UTF-8"?>
<!-- Generated by org.testng.reporters.JUnitReportReporter -->
<testsuite skipped="0" hostname="Apparnaas-MacBook-Pro.local" name="testcases.EditLead" tests="1" failures="0" timestamp="12 Jan 2019 07:40:47 GMT" time="24.227" errors="0">
  <testcase name="editLead" time="24.227" classname="testcases.EditLead"/>
</testsuite> <!-- testcases.EditLead -->
