<?xml version="1.0" encoding="UTF-8"?>
<!-- Generated by org.testng.reporters.JUnitReportReporter -->
<testsuite skipped="0" hostname="Apparnaas-MacBook-Pro.local" name="testcases.ZoomCar" tests="1" failures="0" timestamp="06 Jan 2019 04:16:05 GMT" time="16.854" errors="0">
  <testcase name="zoomCarApp" time="16.854" classname="testcases.ZoomCar"/>
</testsuite> <!-- testcases.ZoomCar -->
